mode: set
passwordcheck/internal/services/passwordChecker/pwCheckerLen/pwCheckerLen.go:11.48,13.2 1 0
passwordcheck/internal/services/passwordChecker/pwCheckerLen/pwCheckerLen.go:16.109,18.12 2 1
passwordcheck/internal/services/passwordChecker/pwCheckerLen/pwCheckerLen.go:21.2,21.16 1 1
passwordcheck/internal/services/passwordChecker/pwCheckerLen/pwCheckerLen.go:18.12,20.3 1 1
passwordcheck/internal/services/passwordChecker/pwCheckerLen/pwCheckerLen.go:25.88,28.8 3 1
passwordcheck/internal/services/passwordChecker/pwCheckerLen/pwCheckerLen.go:28.8,30.3 1 1
passwordcheck/internal/services/passwordChecker/pwCheckerLen/pwCheckerLen.go:30.8,32.3 1 1
passwordcheck/internal/services/services.go:30.66,35.16 3 0
passwordcheck/internal/services/services.go:38.2,39.16 2 0
passwordcheck/internal/services/services.go:42.2,43.16 2 0
passwordcheck/internal/services/services.go:46.2,47.16 2 0
passwordcheck/internal/services/services.go:50.2,55.34 4 0
passwordcheck/internal/services/services.go:35.16,37.3 1 0
passwordcheck/internal/services/services.go:39.16,41.3 1 0
passwordcheck/internal/services/services.go:43.16,45.3 1 0
passwordcheck/internal/services/services.go:47.16,49.3 1 0
passwordcheck/internal/services/services.go:65.115,70.48 2 1
passwordcheck/internal/services/services.go:74.2,74.22 1 1
passwordcheck/internal/services/services.go:77.2,77.22 1 0
passwordcheck/internal/services/services.go:70.48,72.3 1 1
passwordcheck/internal/services/services.go:74.22,76.3 1 1
passwordcheck/internal/services/passwordChecker/passwordCheckerRepetion/passwordcheckerrep.go:12.53,14.2 1 0
passwordcheck/internal/services/passwordChecker/passwordCheckerRepetion/passwordcheckerrep.go:17.114,20.16 3 1
passwordcheck/internal/services/passwordChecker/passwordCheckerRepetion/passwordcheckerrep.go:23.2,23.16 1 1
passwordcheck/internal/services/passwordChecker/passwordCheckerRepetion/passwordcheckerrep.go:20.16,22.3 1 1
passwordcheck/internal/services/passwordChecker/passwordCheckerRepetion/passwordcheckerrep.go:27.38,28.57 1 1
passwordcheck/internal/services/passwordChecker/passwordCheckerRepetion/passwordcheckerrep.go:33.2,33.14 1 1
passwordcheck/internal/services/passwordChecker/passwordCheckerRepetion/passwordcheckerrep.go:28.57,29.39 1 1
passwordcheck/internal/services/passwordChecker/passwordCheckerRepetion/passwordcheckerrep.go:29.39,31.4 1 1
passwordcheck/internal/services/passwordChecker/passwordCheckerRE/passwordCheckerRE.go:16.74,18.16 2 0
passwordcheck/internal/services/passwordChecker/passwordCheckerRE/passwordCheckerRE.go:21.2,21.75 1 0
passwordcheck/internal/services/passwordChecker/passwordCheckerRE/passwordCheckerRE.go:18.16,20.3 1 0
passwordcheck/internal/services/passwordChecker/passwordCheckerRE/passwordCheckerRE.go:25.65,27.2 1 0
passwordcheck/internal/services/passwordChecker/passwordCheckerRE/passwordCheckerRE.go:30.62,32.2 1 0
passwordcheck/internal/services/passwordChecker/passwordCheckerRE/passwordCheckerRE.go:35.67,37.2 1 0
passwordcheck/internal/services/passwordChecker/passwordCheckerRE/passwordCheckerRE.go:40.65,42.2 1 0
passwordcheck/internal/services/passwordChecker/passwordCheckerRE/passwordCheckerRE.go:45.111,47.12 2 1
passwordcheck/internal/services/passwordChecker/passwordCheckerRE/passwordCheckerRE.go:50.2,50.16 1 1
passwordcheck/internal/services/passwordChecker/passwordCheckerRE/passwordCheckerRE.go:47.12,49.3 1 1
passwordcheck/internal/services/passwordChecker/passwordCheckerRE/passwordCheckerRE.go:54.116,57.8 3 1
passwordcheck/internal/services/passwordChecker/passwordCheckerRE/passwordCheckerRE.go:57.8,59.3 1 1
passwordcheck/internal/services/passwordChecker/passwordCheckerRE/passwordCheckerRE.go:59.8,61.3 1 1
passwordcheck/internal/services/passwordChecker/passwordCheckerRE/passwordCheckerRE.go:65.74,67.2 1 1
passwordcheck/internal/handler/handlerJSON.go:18.65,20.2 1 1
passwordcheck/internal/handler/handlerJSON.go:23.37,26.2 2 0
passwordcheck/internal/handler/handlerJSON.go:29.73,30.24 1 0
passwordcheck/internal/handler/handlerJSON.go:30.24,32.3 1 0
passwordcheck/internal/handler/handlerJSON.go:32.8,34.3 1 0
passwordcheck/internal/handler/handlerJSON.go:39.77,43.16 3 1
passwordcheck/internal/handler/handlerJSON.go:48.2,51.31 3 1
passwordcheck/internal/handler/handlerJSON.go:43.16,46.3 2 0
passwordcheck/internal/handler/handlerJSON.go:55.47,57.2 1 0
passwordcheck/internal/handler/handlerJSON.go:59.46,61.2 1 0
passwordcheck/internal/handler/handlerJSON.go:64.80,68.16 4 1
passwordcheck/internal/handler/handlerJSON.go:68.16,71.3 2 0
passwordcheck/internal/handler/handlerJSON.go:75.79,79.16 4 1
passwordcheck/internal/handler/handlerJSON.go:82.2,83.20 2 1
passwordcheck/internal/handler/handlerJSON.go:79.16,81.3 1 0
