mode: set
github.com/mariojose123/PasswordCheckJsonAPI/internal/services/services.go:31.66,36.16 3 0
github.com/mariojose123/PasswordCheckJsonAPI/internal/services/services.go:39.2,40.16 2 0
github.com/mariojose123/PasswordCheckJsonAPI/internal/services/services.go:43.2,44.16 2 0
github.com/mariojose123/PasswordCheckJsonAPI/internal/services/services.go:47.2,48.16 2 0
github.com/mariojose123/PasswordCheckJsonAPI/internal/services/services.go:51.2,56.34 4 0
github.com/mariojose123/PasswordCheckJsonAPI/internal/services/services.go:36.16,38.3 1 0
github.com/mariojose123/PasswordCheckJsonAPI/internal/services/services.go:40.16,42.3 1 0
github.com/mariojose123/PasswordCheckJsonAPI/internal/services/services.go:44.16,46.3 1 0
github.com/mariojose123/PasswordCheckJsonAPI/internal/services/services.go:48.16,50.3 1 0
github.com/mariojose123/PasswordCheckJsonAPI/internal/services/services.go:66.115,71.48 2 1
github.com/mariojose123/PasswordCheckJsonAPI/internal/services/services.go:75.2,75.22 1 1
github.com/mariojose123/PasswordCheckJsonAPI/internal/services/services.go:78.2,78.22 1 0
github.com/mariojose123/PasswordCheckJsonAPI/internal/services/services.go:71.48,73.3 1 1
github.com/mariojose123/PasswordCheckJsonAPI/internal/services/services.go:75.22,77.3 1 1
github.com/mariojose123/PasswordCheckJsonAPI/internal/services/passwordChecker/pwCheckerLen/pwCheckerLen.go:11.48,13.2 1 0
github.com/mariojose123/PasswordCheckJsonAPI/internal/services/passwordChecker/pwCheckerLen/pwCheckerLen.go:16.109,18.12 2 1
github.com/mariojose123/PasswordCheckJsonAPI/internal/services/passwordChecker/pwCheckerLen/pwCheckerLen.go:21.2,21.16 1 1
github.com/mariojose123/PasswordCheckJsonAPI/internal/services/passwordChecker/pwCheckerLen/pwCheckerLen.go:18.12,20.3 1 1
github.com/mariojose123/PasswordCheckJsonAPI/internal/services/passwordChecker/pwCheckerLen/pwCheckerLen.go:25.88,28.8 3 1
github.com/mariojose123/PasswordCheckJsonAPI/internal/services/passwordChecker/pwCheckerLen/pwCheckerLen.go:28.8,30.3 1 1
github.com/mariojose123/PasswordCheckJsonAPI/internal/services/passwordChecker/pwCheckerLen/pwCheckerLen.go:30.8,32.3 1 1
github.com/mariojose123/PasswordCheckJsonAPI/internal/services/passwordChecker/passwordCheckerRepetion/passwordcheckerrep.go:12.53,14.2 1 0
github.com/mariojose123/PasswordCheckJsonAPI/internal/services/passwordChecker/passwordCheckerRepetion/passwordcheckerrep.go:17.114,20.16 3 1
github.com/mariojose123/PasswordCheckJsonAPI/internal/services/passwordChecker/passwordCheckerRepetion/passwordcheckerrep.go:23.2,23.16 1 1
github.com/mariojose123/PasswordCheckJsonAPI/internal/services/passwordChecker/passwordCheckerRepetion/passwordcheckerrep.go:20.16,22.3 1 1
github.com/mariojose123/PasswordCheckJsonAPI/internal/services/passwordChecker/passwordCheckerRepetion/passwordcheckerrep.go:27.38,28.57 1 1
github.com/mariojose123/PasswordCheckJsonAPI/internal/services/passwordChecker/passwordCheckerRepetion/passwordcheckerrep.go:33.2,33.14 1 1
github.com/mariojose123/PasswordCheckJsonAPI/internal/services/passwordChecker/passwordCheckerRepetion/passwordcheckerrep.go:28.57,29.39 1 1
github.com/mariojose123/PasswordCheckJsonAPI/internal/services/passwordChecker/passwordCheckerRepetion/passwordcheckerrep.go:29.39,31.4 1 1
github.com/mariojose123/PasswordCheckJsonAPI/internal/services/passwordChecker/passwordCheckerRE/passwordCheckerRE.go:17.74,19.16 2 0
github.com/mariojose123/PasswordCheckJsonAPI/internal/services/passwordChecker/passwordCheckerRE/passwordCheckerRE.go:22.2,22.75 1 0
github.com/mariojose123/PasswordCheckJsonAPI/internal/services/passwordChecker/passwordCheckerRE/passwordCheckerRE.go:19.16,21.3 1 0
github.com/mariojose123/PasswordCheckJsonAPI/internal/services/passwordChecker/passwordCheckerRE/passwordCheckerRE.go:26.65,28.2 1 0
github.com/mariojose123/PasswordCheckJsonAPI/internal/services/passwordChecker/passwordCheckerRE/passwordCheckerRE.go:31.62,33.2 1 0
github.com/mariojose123/PasswordCheckJsonAPI/internal/services/passwordChecker/passwordCheckerRE/passwordCheckerRE.go:36.67,38.2 1 0
github.com/mariojose123/PasswordCheckJsonAPI/internal/services/passwordChecker/passwordCheckerRE/passwordCheckerRE.go:41.65,43.2 1 0
github.com/mariojose123/PasswordCheckJsonAPI/internal/services/passwordChecker/passwordCheckerRE/passwordCheckerRE.go:46.111,48.12 2 1
github.com/mariojose123/PasswordCheckJsonAPI/internal/services/passwordChecker/passwordCheckerRE/passwordCheckerRE.go:51.2,51.16 1 1
github.com/mariojose123/PasswordCheckJsonAPI/internal/services/passwordChecker/passwordCheckerRE/passwordCheckerRE.go:48.12,50.3 1 1
github.com/mariojose123/PasswordCheckJsonAPI/internal/services/passwordChecker/passwordCheckerRE/passwordCheckerRE.go:55.116,58.8 3 1
github.com/mariojose123/PasswordCheckJsonAPI/internal/services/passwordChecker/passwordCheckerRE/passwordCheckerRE.go:58.8,60.3 1 1
github.com/mariojose123/PasswordCheckJsonAPI/internal/services/passwordChecker/passwordCheckerRE/passwordCheckerRE.go:60.8,62.3 1 1
github.com/mariojose123/PasswordCheckJsonAPI/internal/services/passwordChecker/passwordCheckerRE/passwordCheckerRE.go:66.74,68.2 1 1
github.com/mariojose123/PasswordCheckJsonAPI/internal/handler/handlerJSON.go:19.65,21.2 1 1
github.com/mariojose123/PasswordCheckJsonAPI/internal/handler/handlerJSON.go:24.37,27.2 2 0
github.com/mariojose123/PasswordCheckJsonAPI/internal/handler/handlerJSON.go:30.73,31.24 1 0
github.com/mariojose123/PasswordCheckJsonAPI/internal/handler/handlerJSON.go:31.24,33.3 1 0
github.com/mariojose123/PasswordCheckJsonAPI/internal/handler/handlerJSON.go:33.8,35.3 1 0
github.com/mariojose123/PasswordCheckJsonAPI/internal/handler/handlerJSON.go:40.77,44.16 3 1
github.com/mariojose123/PasswordCheckJsonAPI/internal/handler/handlerJSON.go:49.2,52.31 3 1
github.com/mariojose123/PasswordCheckJsonAPI/internal/handler/handlerJSON.go:44.16,47.3 2 0
github.com/mariojose123/PasswordCheckJsonAPI/internal/handler/handlerJSON.go:56.47,58.2 1 0
github.com/mariojose123/PasswordCheckJsonAPI/internal/handler/handlerJSON.go:60.46,62.2 1 0
github.com/mariojose123/PasswordCheckJsonAPI/internal/handler/handlerJSON.go:65.80,69.16 4 1
github.com/mariojose123/PasswordCheckJsonAPI/internal/handler/handlerJSON.go:69.16,72.3 2 0
github.com/mariojose123/PasswordCheckJsonAPI/internal/handler/handlerJSON.go:76.79,80.16 4 1
github.com/mariojose123/PasswordCheckJsonAPI/internal/handler/handlerJSON.go:83.2,84.20 2 1
github.com/mariojose123/PasswordCheckJsonAPI/internal/handler/handlerJSON.go:80.16,82.3 1 0
